<?xml version="1.0" encoding="UTF-8"?>
<!-- Generated by org.testng.reporters.JUnitXMLReporter -->
<testsuite ignored="0" hostname="BDC8-LX-5TDB103" failures="0" tests="8" name="Test" time="55.373" errors="0" timestamp="2022-04-22T17:14:00 IST">
  <testcase classname="aspire.pom.tests.QA_Development_Challenge_Test" name="navigateToAspireApp" time="2.175"/>
  <testcase classname="aspire.pom.tests.QA_Development_Challenge_Test" name="login_To_The_Application" time="4.779"/>
  <testcase classname="aspire.pom.tests.QA_Development_Challenge_Test" name="navigat_To_Inventory" time="1.059"/>
  <testcase classname="aspire.pom.tests.QA_Development_Challenge_Test" name="create_New_Inventory_Product" time="5.518"/>
  <testcase classname="aspire.pom.tests.QA_Development_Challenge_Test" name="inventory_Product_Update_Quantity" time="12.04"/>
  <testcase classname="aspire.pom.tests.QA_Development_Challenge_Test" name="navigate_To_Home_Page" time="0.176"/>
  <testcase classname="aspire.pom.tests.QA_Development_Challenge_Test" name="create_new_manufacturing_item_with_done_status" time="14.968"/>
  <testcase classname="aspire.pom.tests.QA_Development_Challenge_Test" name="validate_manufacturing_order" time="9.691"/>
</testsuite> <!-- Test -->
